{"numFailedTestSuites":0,"numFailedTests":0,"numPassedTestSuites":1,"numPassedTests":14,"numPendingTestSuites":0,"numPendingTests":0,"numRuntimeErrorTestSuites":0,"numTodoTests":0,"numTotalTestSuites":1,"numTotalTests":14,"openHandles":[],"snapshot":{"added":0,"didUpdate":false,"failure":false,"filesAdded":0,"filesRemoved":0,"filesRemovedList":[],"filesUnmatched":0,"filesUpdated":0,"matched":0,"total":0,"unchecked":0,"uncheckedKeysByFile":[],"unmatched":0,"updated":0},"startTime":1711415409930,"success":true,"testResults":[{"assertionResults":[{"ancestorTitles":[],"duration":95,"failureDetails":[],"failureMessages":[],"fullName":"render a default button","invocations":1,"location":null,"numPassingAsserts":1,"retryReasons":[],"status":"passed","title":"render a default button"},{"ancestorTitles":[],"duration":130,"failureDetails":[],"failureMessages":[],"fullName":"disables the button when isDisabled is true","invocations":1,"location":null,"numPassingAsserts":1,"retryReasons":[],"status":"passed","title":"disables the button when isDisabled is true"},{"ancestorTitles":[],"duration":68,"failureDetails":[],"failureMessages":[],"fullName":"disables the button when isLoading is true","invocations":1,"location":null,"numPassingAsserts":1,"retryReasons":[],"status":"passed","title":"disables the button when isLoading is true"},{"ancestorTitles":[],"duration":182,"failureDetails":[],"failureMessages":[],"fullName":"applies correct css class for different button variants","invocations":1,"location":null,"numPassingAsserts":2,"retryReasons":[],"status":"passed","title":"applies correct css class for different button variants"},{"ancestorTitles":[],"duration":96,"failureDetails":[],"failureMessages":[],"fullName":"applies correct css class for different button sizes","invocations":1,"location":null,"numPassingAsserts":3,"retryReasons":[],"status":"passed","title":"applies correct css class for different button sizes"},{"ancestorTitles":[],"duration":101,"failureDetails":[],"failureMessages":[],"fullName":"applies correct css class for different button shapes","invocations":1,"location":null,"numPassingAsserts":4,"retryReasons":[],"status":"passed","title":"applies correct css class for different button shapes"},{"ancestorTitles":[],"duration":24,"failureDetails":[],"failureMessages":[],"fullName":"applies correct css class for outline button","invocations":1,"location":null,"numPassingAsserts":1,"retryReasons":[],"status":"passed","title":"applies correct css class for outline button"},{"ancestorTitles":[],"duration":25,"failureDetails":[],"failureMessages":[],"fullName":"applies correct css class for link button","invocations":1,"location":null,"numPassingAsserts":1,"retryReasons":[],"status":"passed","title":"applies correct css class for link button"},{"ancestorTitles":[],"duration":28,"failureDetails":[],"failureMessages":[],"fullName":"applies custom class to button","invocations":1,"location":null,"numPassingAsserts":1,"retryReasons":[],"status":"passed","title":"applies custom class to button"},{"ancestorTitles":[],"duration":13,"failureDetails":[],"failureMessages":[],"fullName":"renders loading component when isLoading is true","invocations":1,"location":null,"numPassingAsserts":1,"retryReasons":[],"status":"passed","title":"renders loading component when isLoading is true"},{"ancestorTitles":[],"duration":7,"failureDetails":[],"failureMessages":[],"fullName":"renders loading component with custom text","invocations":1,"location":null,"numPassingAsserts":1,"retryReasons":[],"status":"passed","title":"renders loading component with custom text"},{"ancestorTitles":[],"duration":12,"failureDetails":[],"failureMessages":[],"fullName":"renders loading component with custom type","invocations":1,"location":null,"numPassingAsserts":1,"retryReasons":[],"status":"passed","title":"renders loading component with custom type"},{"ancestorTitles":[],"duration":20,"failureDetails":[],"failureMessages":[],"fullName":"renders loading component with default type when loadingType is not provided","invocations":1,"location":null,"numPassingAsserts":1,"retryReasons":[],"status":"passed","title":"renders loading component with default type when loadingType is not provided"},{"ancestorTitles":[],"duration":30,"failureDetails":[],"failureMessages":[],"fullName":"renders a button with custom type","invocations":1,"location":null,"numPassingAsserts":1,"retryReasons":[],"status":"passed","title":"renders a button with custom type"}],"endTime":1711415418579,"message":"","name":"C:\\Users\\Pourya_s\\Desktop\\pourymovie\\src\\app\\_components\\button\\button.test.tsx","startTime":1711415413030,"status":"passed","summary":""}],"wasInterrupted":false}
